[00:03:14] [ServerMain/INFO]: Environment: Environment[accountsHost=https://api.mojang.com, sessionHost=https://sessionserver.mojang.com, servicesHost=https://api.minecraftservices.com, name=PROD]
[00:03:14] [ServerMain/INFO]: Found new data pack file/bukkit, loading it automatically
[00:03:35] [ServerMain/INFO]: Loaded 7 recipes
[00:03:36] [Server thread/INFO]: Starting minecraft server version 1.20.2
[00:03:36] [Server thread/INFO]: Loading properties
[00:03:37] [Server thread/INFO]: This server is running Paper version git-Paper-297 (MC: 1.20.2) (Implementing API version 1.20.2-R0.1-SNAPSHOT) (Git: 250388d)
[00:03:39] [Server thread/INFO]: Using 4 threads for Netty based IO
[00:03:39] [Server thread/INFO]: Server Ping Player Sample Count: 12
[00:03:39] [Server thread/INFO]: [ChunkTaskScheduler] Chunk system is using 1 I/O threads, 1 worker threads, and gen parallelism of 1 threads
[00:03:40] [Server thread/WARN]: [!] The timings profiler has been enabled but has been scheduled for removal from Paper in the future.
    We recommend installing the spark profiler as a replacement: https://spark.lucko.me/
    For more information please visit: https://github.com/PaperMC/Paper/issues/8948
[00:03:42] [Server thread/INFO]: Default game type: SURVIVAL
[00:03:42] [Server thread/INFO]: Generating keypair
[00:03:42] [Server thread/INFO]: Starting Minecraft server on *:25565
[00:03:42] [Server thread/INFO]: Using epoll channel type
[00:03:43] [Server thread/INFO]: Paper: Using libdeflate (Linux x86_64) compression from Velocity.
[00:03:43] [Server thread/INFO]: Paper: Using OpenSSL 1.1.x (Linux x86_64) cipher from Velocity.
[00:03:43] [Server thread/INFO]: Preparing level "world"
[00:04:19] [Server thread/INFO]: Preparing start region for dimension minecraft:overworld
[00:04:19] [Server thread/INFO]: Time elapsed: 461 ms
[00:04:19] [Server thread/INFO]: Preparing start region for dimension minecraft:the_nether
[00:04:19] [Server thread/INFO]: Time elapsed: 324 ms
[00:04:19] [Server thread/INFO]: Preparing start region for dimension minecraft:the_end
[00:04:20] [Server thread/INFO]: Time elapsed: 378 ms
[00:04:20] [Server thread/INFO]: Starting remote control listener
[00:04:20] [Server thread/INFO]: Thread RCON Listener started
[00:04:20] [Server thread/INFO]: RCON running on 0.0.0.0:25575
[00:04:20] [Server thread/INFO]: Running delayed init tasks
[00:04:20] [Server thread/INFO]: Done (44.197s)! For help, type "help"
[00:04:20] [Server thread/INFO]: Timings Reset
[00:12:07] [Server thread/WARN]: Can't keep up! Is the server overloaded? Running 5034ms or 100 ticks behind
